This is pdfTeX, Version 3.141592653-2.6-1.40.26 (TeX Live 2024) (preloaded format=pdflatex 2024.4.3)  16 APR 2024 23:36
entering extended mode
 \write18 enabled.
 file:line:error style messages enabled.
 %&-line parsing enabled.
**/Users/deepaknathani/Projects/CS292C/solutions/hw2/latex/hw2
(/Users/deepaknathani/Projects/CS292C/solutions/hw2/latex/hw2.tex
LaTeX2e <2023-11-01> patch level 1
L3 programming layer <2024-02-20>
(./jhwhw.cls
Document Class: jhwhw 2009/02/11 Justin Wilson's Homework Class
(/usr/local/texlive/2024/texmf-dist/tex/latex/base/report.cls
Document Class: report 2023/05/17 v1.4n Standard LaTeX document class
(/usr/local/texlive/2024/texmf-dist/tex/latex/base/size12.clo
File: size12.clo 2023/05/17 v1.4n Standard LaTeX file (size option)
)
\c@part=\count188
\c@chapter=\count189
\c@section=\count190
\c@subsection=\count191
\c@subsubsection=\count192
\c@paragraph=\count193
\c@subparagraph=\count194
\c@figure=\count195
\c@table=\count196
\abovecaptionskip=\skip48
\belowcaptionskip=\skip49
\bibindent=\dimen140
) (/usr/local/texlive/2024/texmf-dist/tex/latex/fancyhdr/fancyhdr.sty
Package: fancyhdr 2022/11/09 v4.1 Extensive control of page headers and footers
\f@nch@headwidth=\skip50
\f@nch@O@elh=\skip51
\f@nch@O@erh=\skip52
\f@nch@O@olh=\skip53
\f@nch@O@orh=\skip54
\f@nch@O@elf=\skip55
\f@nch@O@erf=\skip56
\f@nch@O@olf=\skip57
\f@nch@O@orf=\skip58
) (/usr/local/texlive/2024/texmf-dist/tex/latex/geometry/geometry.sty
Package: geometry 2020/01/02 v5.9 Page Geometry
 (/usr/local/texlive/2024/texmf-dist/tex/latex/graphics/keyval.sty
Package: keyval 2022/05/29 v1.15 key=value parser (DPC)
\KV@toks@=\toks17
) (/usr/local/texlive/2024/texmf-dist/tex/generic/iftex/ifvtex.sty
Package: ifvtex 2019/10/25 v1.7 ifvtex legacy package. Use iftex instead.
 (/usr/local/texlive/2024/texmf-dist/tex/generic/iftex/iftex.sty
Package: iftex 2022/02/03 v1.0f TeX engine tests
))
\Gm@cnth=\count197
\Gm@cntv=\count198
\c@Gm@tempcnt=\count199
\Gm@bindingoffset=\dimen141
\Gm@wd@mp=\dimen142
\Gm@odd@mp=\dimen143
\Gm@even@mp=\dimen144
\Gm@layoutwidth=\dimen145
\Gm@layoutheight=\dimen146
\Gm@layouthoffset=\dimen147
\Gm@layoutvoffset=\dimen148
\Gm@dimlist=\toks18
) (/usr/local/texlive/2024/texmf-dist/tex/latex/graphics/graphicx.sty
Package: graphicx 2021/09/16 v1.2d Enhanced LaTeX Graphics (DPC,SPQR)
 (/usr/local/texlive/2024/texmf-dist/tex/latex/graphics/graphics.sty
Package: graphics 2022/03/10 v1.4e Standard LaTeX Graphics (DPC,SPQR)
 (/usr/local/texlive/2024/texmf-dist/tex/latex/graphics/trig.sty
Package: trig 2021/08/11 v1.11 sin cos tan (DPC)
) (/usr/local/texlive/2024/texmf-dist/tex/latex/graphics-cfg/graphics.cfg
File: graphics.cfg 2016/06/04 v1.11 sample graphics configuration
)
Package graphics Info: Driver file: pdftex.def on input line 107.
 (/usr/local/texlive/2024/texmf-dist/tex/latex/graphics-def/pdftex.def
File: pdftex.def 2022/09/22 v1.2b Graphics/color driver for pdftex
))
\Gin@req@height=\dimen149
\Gin@req@width=\dimen150
) (/usr/local/texlive/2024/texmf-dist/tex/latex/mathtools/empheq.sty
Package: empheq 2017/03/31 v2.15 Emphasizing equations
 (/usr/local/texlive/2024/texmf-dist/tex/latex/mathtools/mhsetup.sty
Package: mhsetup 2021/03/18 v1.4 programming setup (MH)
) (/usr/local/texlive/2024/texmf-dist/tex/latex/mathtools/mathtools.sty
Package: mathtools 2024/03/11 v1.30 mathematical typesetting tools
 (/usr/local/texlive/2024/texmf-dist/tex/latex/tools/calc.sty
Package: calc 2023/07/08 v4.3 Infix arithmetic (KKT,FJ)
\calc@Acount=\count266
\calc@Bcount=\count267
\calc@Adimen=\dimen151
\calc@Bdimen=\dimen152
\calc@Askip=\skip59
\calc@Bskip=\skip60
LaTeX Info: Redefining \setlength on input line 80.
LaTeX Info: Redefining \addtolength on input line 81.
\calc@Ccount=\count268
\calc@Cskip=\skip61
) (/usr/local/texlive/2024/texmf-dist/tex/latex/amsmath/amsmath.sty
Package: amsmath 2023/05/13 v2.17o AMS math features
\@mathmargin=\skip62

For additional information on amsmath, use the `?' option.
(/usr/local/texlive/2024/texmf-dist/tex/latex/amsmath/amstext.sty
Package: amstext 2021/08/26 v2.01 AMS text
 (/usr/local/texlive/2024/texmf-dist/tex/latex/amsmath/amsgen.sty
File: amsgen.sty 1999/11/30 v2.0 generic functions
\@emptytoks=\toks19
\ex@=\dimen153
)) (/usr/local/texlive/2024/texmf-dist/tex/latex/amsmath/amsbsy.sty
Package: amsbsy 1999/11/29 v1.2d Bold Symbols
\pmbraise@=\dimen154
) (/usr/local/texlive/2024/texmf-dist/tex/latex/amsmath/amsopn.sty
Package: amsopn 2022/04/08 v2.04 operator names
)
\inf@bad=\count269
LaTeX Info: Redefining \frac on input line 234.
\uproot@=\count270
\leftroot@=\count271
LaTeX Info: Redefining \overline on input line 399.
LaTeX Info: Redefining \colon on input line 410.
\classnum@=\count272
\DOTSCASE@=\count273
LaTeX Info: Redefining \ldots on input line 496.
LaTeX Info: Redefining \dots on input line 499.
LaTeX Info: Redefining \cdots on input line 620.
\Mathstrutbox@=\box51
\strutbox@=\box52
LaTeX Info: Redefining \big on input line 722.
LaTeX Info: Redefining \Big on input line 723.
LaTeX Info: Redefining \bigg on input line 724.
LaTeX Info: Redefining \Bigg on input line 725.
\big@size=\dimen155
LaTeX Font Info:    Redeclaring font encoding OML on input line 743.
LaTeX Font Info:    Redeclaring font encoding OMS on input line 744.
\macc@depth=\count274
LaTeX Info: Redefining \bmod on input line 905.
LaTeX Info: Redefining \pmod on input line 910.
LaTeX Info: Redefining \smash on input line 940.
LaTeX Info: Redefining \relbar on input line 970.
LaTeX Info: Redefining \Relbar on input line 971.
\c@MaxMatrixCols=\count275
\dotsspace@=\muskip16
\c@parentequation=\count276
\dspbrk@lvl=\count277
\tag@help=\toks20
\row@=\count278
\column@=\count279
\maxfields@=\count280
\andhelp@=\toks21
\eqnshift@=\dimen156
\alignsep@=\dimen157
\tagshift@=\dimen158
\tagwidth@=\dimen159
\totwidth@=\dimen160
\lineht@=\dimen161
\@envbody=\toks22
\multlinegap=\skip63
\multlinetaggap=\skip64
\mathdisplay@stack=\toks23
LaTeX Info: Redefining \[ on input line 2953.
LaTeX Info: Redefining \] on input line 2954.
)
\g_MT_multlinerow_int=\count281
\l_MT_multwidth_dim=\dimen162
\origjot=\skip65
\l_MT_shortvdotswithinadjustabove_dim=\dimen163
\l_MT_shortvdotswithinadjustbelow_dim=\dimen164
\l_MT_above_intertext_sep=\dimen165
\l_MT_below_intertext_sep=\dimen166
\l_MT_above_shortintertext_sep=\dimen167
\l_MT_below_shortintertext_sep=\dimen168
\xmathstrut@box=\box53
\xmathstrut@dim=\dimen169
)
\l_EQ_equationtype_int=\count282
\l_EQ_alignmentmode_int=\count283
\l_EQ_totalwidth_dim=\dimen170
\l_EQ_displaywidth_dim=\dimen171
\l_EQ_temp_linewidth_dim=\dimen172
\l_EQ_linewidth_dim=\dimen173
\EmphEqdelimitershortfall=\dimen174
\EmphEqdelimiterfactor=\count284
\g_EQ_toptag_height_dim=\dimen175
\g_EQ_bottomtag_depth_dim=\dimen176
\g_EQ_toprow_height_dim=\dimen177
\g_EQ_bottomrow_depth_dim=\dimen178
\g_EQ_widesttag_dim=\dimen179
\EQ_mathdisplay_box=\box54
\EQ_tag_box=\box55
\g_EQ_temprow_int=\count285
) (/usr/local/texlive/2024/texmf-dist/tex/latex/base/ifthen.sty
Package: ifthen 2022/04/13 v1.1d Standard LaTeX ifthen package (DPC)
) (/usr/local/texlive/2024/texmf-dist/tex/latex/listings/listings.sty
\lst@mode=\count286
\lst@gtempboxa=\box56
\lst@token=\toks24
\lst@length=\count287
\lst@currlwidth=\dimen180
\lst@column=\count288
\lst@pos=\count289
\lst@lostspace=\dimen181
\lst@width=\dimen182
\lst@newlines=\count290
\lst@lineno=\count291
\lst@maxwidth=\dimen183
 (/usr/local/texlive/2024/texmf-dist/tex/latex/listings/lstpatch.sty
File: lstpatch.sty 2024/02/21 1.10 (Carsten Heinz)
) (/usr/local/texlive/2024/texmf-dist/tex/latex/listings/lstmisc.sty
File: lstmisc.sty 2024/02/21 1.10 (Carsten Heinz)
\c@lstnumber=\count292
\lst@skipnumbers=\count293
\lst@framebox=\box57
) (/usr/local/texlive/2024/texmf-dist/tex/latex/listings/listings.cfg
File: listings.cfg 2024/02/21 1.10 listings configuration
))
Package: listings 2024/02/21 1.10 (Carsten Heinz)
 (/usr/local/texlive/2024/texmf-dist/tex/latex/booktabs/booktabs.sty
Package: booktabs 2020/01/12 v1.61803398 Publication quality tables
\heavyrulewidth=\dimen184
\lightrulewidth=\dimen185
\cmidrulewidth=\dimen186
\belowrulesep=\dimen187
\belowbottomsep=\dimen188
\aboverulesep=\dimen189
\abovetopsep=\dimen190
\cmidrulesep=\dimen191
\cmidrulekern=\dimen192
\defaultaddspace=\dimen193
\@cmidla=\count294
\@cmidlb=\count295
\@aboverulesep=\dimen194
\@belowrulesep=\dimen195
\@thisruleclass=\count296
\@lastruleclass=\count297
\@thisrulewidth=\dimen196
) (/usr/local/texlive/2024/texmf-dist/tex/latex/graphics/color.sty
Package: color 2022/01/06 v1.3d Standard LaTeX Color (DPC)
 (/usr/local/texlive/2024/texmf-dist/tex/latex/graphics-cfg/color.cfg
File: color.cfg 2016/01/02 v1.6 sample color configuration
)
Package color Info: Driver file: pdftex.def on input line 149.
 (/usr/local/texlive/2024/texmf-dist/tex/latex/graphics/mathcolor.ltx)) (/usr/local/texlive/2024/texmf-dist/tex/latex/hyperref/hyperref.sty
Package: hyperref 2024-01-20 v7.01h Hypertext links for LaTeX
 (/usr/local/texlive/2024/texmf-dist/tex/latex/kvsetkeys/kvsetkeys.sty
Package: kvsetkeys 2022-10-05 v1.19 Key value parser (HO)
) (/usr/local/texlive/2024/texmf-dist/tex/generic/kvdefinekeys/kvdefinekeys.sty
Package: kvdefinekeys 2019-12-19 v1.6 Define keys (HO)
) (/usr/local/texlive/2024/texmf-dist/tex/generic/pdfescape/pdfescape.sty
Package: pdfescape 2019/12/09 v1.15 Implements pdfTeX's escape features (HO)
 (/usr/local/texlive/2024/texmf-dist/tex/generic/ltxcmds/ltxcmds.sty
Package: ltxcmds 2023-12-04 v1.26 LaTeX kernel commands for general use (HO)
) (/usr/local/texlive/2024/texmf-dist/tex/generic/pdftexcmds/pdftexcmds.sty
Package: pdftexcmds 2020-06-27 v0.33 Utility functions of pdfTeX for LuaTeX (HO)
 (/usr/local/texlive/2024/texmf-dist/tex/generic/infwarerr/infwarerr.sty
Package: infwarerr 2019/12/03 v1.5 Providing info/warning/error messages (HO)
)
Package pdftexcmds Info: \pdf@primitive is available.
Package pdftexcmds Info: \pdf@ifprimitive is available.
Package pdftexcmds Info: \pdfdraftmode found.
)) (/usr/local/texlive/2024/texmf-dist/tex/latex/hycolor/hycolor.sty
Package: hycolor 2020-01-27 v1.10 Color options for hyperref/bookmark (HO)
) (/usr/local/texlive/2024/texmf-dist/tex/latex/auxhook/auxhook.sty
Package: auxhook 2019-12-17 v1.6 Hooks for auxiliary files (HO)
) (/usr/local/texlive/2024/texmf-dist/tex/latex/hyperref/nameref.sty
Package: nameref 2023-11-26 v2.56 Cross-referencing by name of section
 (/usr/local/texlive/2024/texmf-dist/tex/latex/refcount/refcount.sty
Package: refcount 2019/12/15 v3.6 Data extraction from label references (HO)
) (/usr/local/texlive/2024/texmf-dist/tex/generic/gettitlestring/gettitlestring.sty
Package: gettitlestring 2019/12/15 v1.6 Cleanup title references (HO)
 (/usr/local/texlive/2024/texmf-dist/tex/latex/kvoptions/kvoptions.sty
Package: kvoptions 2022-06-15 v3.15 Key value format for package options (HO)
))
\c@section@level=\count298
) (/usr/local/texlive/2024/texmf-dist/tex/latex/etoolbox/etoolbox.sty
Package: etoolbox 2020/10/05 v2.5k e-TeX tools for LaTeX (JAW)
\etb@tempcnta=\count299
)
\@linkdim=\dimen197
\Hy@linkcounter=\count300
\Hy@pagecounter=\count301
 (/usr/local/texlive/2024/texmf-dist/tex/latex/hyperref/pd1enc.def
File: pd1enc.def 2024-01-20 v7.01h Hyperref: PDFDocEncoding definition (HO)
Now handling font encoding PD1 ...
... no UTF-8 mapping file for font encoding PD1
) (/usr/local/texlive/2024/texmf-dist/tex/generic/intcalc/intcalc.sty
Package: intcalc 2019/12/15 v1.3 Expandable calculations with integers (HO)
)
\Hy@SavedSpaceFactor=\count302
 (/usr/local/texlive/2024/texmf-dist/tex/latex/hyperref/puenc.def
File: puenc.def 2024-01-20 v7.01h Hyperref: PDF Unicode definition (HO)
Now handling font encoding PU ...
... no UTF-8 mapping file for font encoding PU
)
Package hyperref Info: Option `bookmarks' set `true' on input line 4062.
Package hyperref Info: Hyper figures OFF on input line 4179.
Package hyperref Info: Link nesting OFF on input line 4184.
Package hyperref Info: Hyper index ON on input line 4187.
Package hyperref Info: Plain pages OFF on input line 4194.
Package hyperref Info: Backreferencing OFF on input line 4199.
Package hyperref Info: Implicit mode ON; LaTeX internals redefined.
Package hyperref Info: Bookmarks ON on input line 4446.
\c@Hy@tempcnt=\count303
 (/usr/local/texlive/2024/texmf-dist/tex/latex/url/url.sty
\Urlmuskip=\muskip17
Package: url 2013/09/16  ver 3.4  Verb mode for urls, etc.
)
LaTeX Info: Redefining \url on input line 4784.
\XeTeXLinkMargin=\dimen198
 (/usr/local/texlive/2024/texmf-dist/tex/generic/bitset/bitset.sty
Package: bitset 2019/12/09 v1.3 Handle bit-vector datatype (HO)
 (/usr/local/texlive/2024/texmf-dist/tex/generic/bigintcalc/bigintcalc.sty
Package: bigintcalc 2019/12/15 v1.5 Expandable calculations on big integers (HO)
))
\Fld@menulength=\count304
\Field@Width=\dimen199
\Fld@charsize=\dimen256
Package hyperref Info: Hyper figures OFF on input line 6063.
Package hyperref Info: Link nesting OFF on input line 6068.
Package hyperref Info: Hyper index ON on input line 6071.
Package hyperref Info: backreferencing OFF on input line 6078.
Package hyperref Info: Link coloring OFF on input line 6083.
Package hyperref Info: Link coloring with OCG OFF on input line 6088.
Package hyperref Info: PDF/A mode OFF on input line 6093.
 (/usr/local/texlive/2024/texmf-dist/tex/latex/base/atbegshi-ltx.sty
Package: atbegshi-ltx 2021/01/10 v1.0c Emulation of the original atbegshi
package with kernel methods
)
\Hy@abspage=\count305
\c@Item=\count306
\c@Hfootnote=\count307
)
Package hyperref Info: Driver: hpdftex.
 (/usr/local/texlive/2024/texmf-dist/tex/latex/hyperref/hpdftex.def
File: hpdftex.def 2024-01-20 v7.01h Hyperref driver for pdfTeX
 (/usr/local/texlive/2024/texmf-dist/tex/latex/base/atveryend-ltx.sty
Package: atveryend-ltx 2020/08/19 v1.0a Emulation of the original atveryend package
with kernel methods
)
\Fld@listcount=\count308
\c@bookmark@seq@number=\count309
 (/usr/local/texlive/2024/texmf-dist/tex/latex/rerunfilecheck/rerunfilecheck.sty
Package: rerunfilecheck 2022-07-10 v1.10 Rerun checks for auxiliary files (HO)
 (/usr/local/texlive/2024/texmf-dist/tex/generic/uniquecounter/uniquecounter.sty
Package: uniquecounter 2019/12/15 v1.4 Provide unlimited unique counter (HO)
)
Package uniquecounter Info: New unique counter `rerunfilecheck' on input line 285.
)
\Hy@SectionHShift=\skip66
)
\c@ProblemNum=\count310
\c@SubProblemNum=\count311
) (/usr/local/texlive/2024/texmf-dist/tex/latex/adjustbox/adjustbox.sty
Package: adjustbox 2022/10/17 v1.3a Adjusting TeX boxes (trim, clip, ...)
 (/usr/local/texlive/2024/texmf-dist/tex/latex/xkeyval/xkeyval.sty
Package: xkeyval 2022/06/16 v2.9 package option processing (HA)
 (/usr/local/texlive/2024/texmf-dist/tex/generic/xkeyval/xkeyval.tex (/usr/local/texlive/2024/texmf-dist/tex/generic/xkeyval/xkvutils.tex
\XKV@toks=\toks25
\XKV@tempa@toks=\toks26
)
\XKV@depth=\count312
File: xkeyval.tex 2014/12/03 v2.7a key=value parser (HA)
)) (/usr/local/texlive/2024/texmf-dist/tex/latex/adjustbox/adjcalc.sty
Package: adjcalc 2012/05/16 v1.1 Provides advanced setlength with multiple back-ends (calc, etex, pgfmath)
) (/usr/local/texlive/2024/texmf-dist/tex/latex/adjustbox/trimclip.sty
Package: trimclip 2020/08/19 v1.2 Trim and clip general TeX material
 (/usr/local/texlive/2024/texmf-dist/tex/latex/collectbox/collectbox.sty
Package: collectbox 2022/10/17 v0.4c Collect macro arguments as boxes
\collectedbox=\box58
)
\tc@llx=\dimen257
\tc@lly=\dimen258
\tc@urx=\dimen259
\tc@ury=\dimen260
Package trimclip Info: Using driver 'tc-pdftex.def'.
 (/usr/local/texlive/2024/texmf-dist/tex/latex/adjustbox/tc-pdftex.def
File: tc-pdftex.def 2019/01/04 v2.2 Clipping driver for pdftex
))
\adjbox@Width=\dimen261
\adjbox@Height=\dimen262
\adjbox@Depth=\dimen263
\adjbox@Totalheight=\dimen264
\adjbox@pwidth=\dimen265
\adjbox@pheight=\dimen266
\adjbox@pdepth=\dimen267
\adjbox@ptotalheight=\dimen268
 (/usr/local/texlive/2024/texmf-dist/tex/latex/ifoddpage/ifoddpage.sty
Package: ifoddpage 2022/10/18 v1.2 Conditionals for odd/even page detection
\c@checkoddpage=\count313
) (/usr/local/texlive/2024/texmf-dist/tex/latex/varwidth/varwidth.sty
Package: varwidth 2009/03/30 ver 0.92;  Variable-width minipages
\@vwid@box=\box59
\sift@deathcycles=\count314
\@vwid@loff=\dimen269
\@vwid@roff=\dimen270
)) (/usr/local/texlive/2024/texmf-dist/tex/latex/l3backend/l3backend-pdftex.def
File: l3backend-pdftex.def 2024-02-20 L3 backend support: PDF output (pdfTeX)
\l__color_backend_stack_int=\count315
\l__pdf_internal_box=\box60
) (./hw2.aux)
\openout1 = `hw2.aux'.

LaTeX Font Info:    Checking defaults for OML/cmm/m/it on input line 10.
LaTeX Font Info:    ... okay on input line 10.
LaTeX Font Info:    Checking defaults for OMS/cmsy/m/n on input line 10.
LaTeX Font Info:    ... okay on input line 10.
LaTeX Font Info:    Checking defaults for OT1/cmr/m/n on input line 10.
LaTeX Font Info:    ... okay on input line 10.
LaTeX Font Info:    Checking defaults for T1/cmr/m/n on input line 10.
LaTeX Font Info:    ... okay on input line 10.
LaTeX Font Info:    Checking defaults for TS1/cmr/m/n on input line 10.
LaTeX Font Info:    ... okay on input line 10.
LaTeX Font Info:    Checking defaults for OMX/cmex/m/n on input line 10.
LaTeX Font Info:    ... okay on input line 10.
LaTeX Font Info:    Checking defaults for U/cmr/m/n on input line 10.
LaTeX Font Info:    ... okay on input line 10.
LaTeX Font Info:    Checking defaults for PD1/pdf/m/n on input line 10.
LaTeX Font Info:    ... okay on input line 10.
LaTeX Font Info:    Checking defaults for PU/pdf/m/n on input line 10.
LaTeX Font Info:    ... okay on input line 10.

*geometry* driver: auto-detecting
*geometry* detected driver: pdftex
*geometry* verbose mode - [ preamble ] result:
* driver: pdftex
* paper: <default>
* layout: <same size as paper>
* layoutoffset:(h,v)=(0.0pt,0.0pt)
* modes: 
* h-part:(L,W,R)=(72.26999pt, 469.75502pt, 72.26999pt)
* v-part:(T,H,B)=(72.26999pt, 650.43001pt, 72.26999pt)
* \paperwidth=614.295pt
* \paperheight=794.96999pt
* \textwidth=469.75502pt
* \textheight=650.43001pt
* \oddsidemargin=0.0pt
* \evensidemargin=0.0pt
* \topmargin=-37.0pt
* \headheight=15.0pt
* \headsep=25.0pt
* \topskip=12.0pt
* \footskip=30.0pt
* \marginparwidth=44.0pt
* \marginparsep=10.0pt
* \columnsep=10.0pt
* \skip\footins=10.8pt plus 4.0pt minus 2.0pt
* \hoffset=0.0pt
* \voffset=0.0pt
* \mag=1000
* \@twocolumnfalse
* \@twosidefalse
* \@mparswitchfalse
* \@reversemarginfalse
* (1in=72.27pt=25.4mm, 1cm=28.453pt)

(/usr/local/texlive/2024/texmf-dist/tex/context/base/mkii/supp-pdf.mkii
[Loading MPS to PDF converter (version 2006.09.02).]
\scratchcounter=\count316
\scratchdimen=\dimen271
\scratchbox=\box61
\nofMPsegments=\count317
\nofMParguments=\count318
\everyMPshowfont=\toks27
\MPscratchCnt=\count319
\MPscratchDim=\dimen272
\MPnumerator=\count320
\makeMPintoPDFobject=\count321
\everyMPtoPDFconversion=\toks28
) (/usr/local/texlive/2024/texmf-dist/tex/latex/epstopdf-pkg/epstopdf-base.sty
Package: epstopdf-base 2020-01-24 v2.11 Base part for package epstopdf
Package epstopdf-base Info: Redefining graphics rule for `.eps' on input line 485.
 (/usr/local/texlive/2024/texmf-dist/tex/latex/latexconfig/epstopdf-sys.cfg
File: epstopdf-sys.cfg 2010/07/13 v1.3 Configuration of (r)epstopdf for TeX Live
))
\c@lstlisting=\count322
Package hyperref Info: Link coloring OFF on input line 10.
 (./hw2.out) (./hw2.out)
\@outlinefile=\write3
\openout3 = `hw2.out'.

 [1

{/usr/local/texlive/2024/texmf-var/fonts/map/pdftex/updmap/pdftex.map}]
Underfull \hbox (badness 10000) in paragraph at lines 55--57

 []

<assets/problem1.png, id=19, 1513.655pt x 390.45876pt>
File: assets/problem1.png Graphic file (type png)
<use assets/problem1.png>
Package pdftex.def Info: assets/problem1.png  used on input line 58.
(pdftex.def)             Requested size: 469.75502pt x 121.178pt.

pdfTeX warning (ext4): destination with the same identifier (name{page.1}) has been already used, duplicate ignored
<to be read again> 
                   \relax 
l.63 \begin{lstlisting}
                        [1 <./assets/problem1.png>]
Underfull \hbox (badness 10000) in paragraph at lines 78--79

 []

<assets/q2tc1.png, id=32, 1507.6325pt x 64.24pt>
File: assets/q2tc1.png Graphic file (type png)
<use assets/q2tc1.png>
Package pdftex.def Info: assets/q2tc1.png  used on input line 82.
(pdftex.def)             Requested size: 469.75502pt x 20.01613pt.

Overfull \hbox (29.3747pt too wide) in paragraph at lines 82--83
[] 
 []


Underfull \hbox (badness 10000) in paragraph at lines 83--84

 []

<assets/q2tc2.png, id=33, 1506.62875pt x 70.2625pt>
File: assets/q2tc2.png Graphic file (type png)
<use assets/q2tc2.png>
Package pdftex.def Info: assets/q2tc2.png  used on input line 87.
(pdftex.def)             Requested size: 469.75502pt x 21.90657pt.

Overfull \hbox (29.3747pt too wide) in paragraph at lines 87--88
[] 
 []


Underfull \hbox (badness 10000) in paragraph at lines 88--89

 []

<assets/q2tc3.png, id=34, 1504.62125pt x 68.255pt>
File: assets/q2tc3.png Graphic file (type png)
<use assets/q2tc3.png>
Package pdftex.def Info: assets/q2tc3.png  used on input line 92.
(pdftex.def)             Requested size: 469.75502pt x 21.30983pt.

Overfull \hbox (29.3747pt too wide) in paragraph at lines 92--93
[] 
 []

[2 <./assets/q2tc1.png> <./assets/q2tc2.png> <./assets/q2tc3.png>]
Underfull \hbox (badness 10000) in paragraph at lines 111--112

 []

<assets/q3tc1.png, id=67, 689.57625pt x 81.30376pt>
File: assets/q3tc1.png Graphic file (type png)
<use assets/q3tc1.png>
Package pdftex.def Info: assets/q3tc1.png  used on input line 115.
(pdftex.def)             Requested size: 469.75502pt x 55.38629pt.

Overfull \hbox (29.3747pt too wide) in paragraph at lines 115--116
[] 
 []


Underfull \hbox (badness 10000) in paragraph at lines 116--117

 []

<assets/q3tc2.png, id=68, 792.9625pt x 74.2775pt>
File: assets/q3tc2.png Graphic file (type png)
<use assets/q3tc2.png>
Package pdftex.def Info: assets/q3tc2.png  used on input line 120.
(pdftex.def)             Requested size: 469.75502pt x 44.00354pt.

Overfull \hbox (29.3747pt too wide) in paragraph at lines 120--121
[] 
 []


Underfull \hbox (badness 10000) in paragraph at lines 121--122

 []

<assets/q3tc3.png, id=69, 791.95876pt x 75.28125pt>
File: assets/q3tc3.png Graphic file (type png)
<use assets/q3tc3.png>
Package pdftex.def Info: assets/q3tc3.png  used on input line 125.
(pdftex.def)             Requested size: 469.75502pt x 44.65446pt.

Overfull \hbox (29.3747pt too wide) in paragraph at lines 125--126
[] 
 []

[3 <./assets/q3tc1.png> <./assets/q3tc2.png> <./assets/q3tc3.png>]
<assets/q4a.png.png, id=99, 914.41624pt x 307.1475pt>
File: assets/q4a.png.png Graphic file (type png)
<use assets/q4a.png.png>
Package pdftex.def Info: assets/q4a.png.png  used on input line 146.
(pdftex.def)             Requested size: 469.75502pt x 157.7867pt.

Overfull \hbox (17.62482pt too wide) in paragraph at lines 146--147
[][] 
 []

<assets/q4b.png, id=100, 791.95876pt x 213.79875pt>
File: assets/q4b.png Graphic file (type png)
<use assets/q4b.png>
Package pdftex.def Info: assets/q4b.png  used on input line 163.
(pdftex.def)             Requested size: 469.75502pt x 126.81871pt.

Overfull \hbox (17.62482pt too wide) in paragraph at lines 163--164
[][] 
 []

[4 <./assets/q4a.png.png>]
<assets/q4c.png, id=128, 917.4275pt x 214.8025pt>
File: assets/q4c.png Graphic file (type png)
<use assets/q4c.png>
Package pdftex.def Info: assets/q4c.png  used on input line 181.
(pdftex.def)             Requested size: 469.75502pt x 109.98701pt.

Overfull \hbox (17.62482pt too wide) in paragraph at lines 181--182
[][] 
 []

<assets/q4d.png, id=129, 902.37125pt x 512.91624pt>
File: assets/q4d.png Graphic file (type png)
<use assets/q4d.png>
Package pdftex.def Info: assets/q4d.png  used on input line 199.
(pdftex.def)             Requested size: 469.75502pt x 267.01538pt.

Overfull \hbox (17.62482pt too wide) in paragraph at lines 199--200
[][] 
 []

[5 <./assets/q4b.png> <./assets/q4c.png>]
<assets/q4e.png, id=157, 835.12pt x 214.8025pt>
File: assets/q4e.png Graphic file (type png)
<use assets/q4e.png>
Package pdftex.def Info: assets/q4e.png  used on input line 220.
(pdftex.def)             Requested size: 469.75502pt x 120.82938pt.

Overfull \hbox (17.62482pt too wide) in paragraph at lines 220--221
[][] 
 []

[6 <./assets/q4d.png> <./assets/q4e.png>]
<assets/q5a.png, id=178, 571.13374pt x 70.2625pt>
File: assets/q5a.png Graphic file (type png)
<use assets/q5a.png>
Package pdftex.def Info: assets/q5a.png  used on input line 233.
(pdftex.def)             Requested size: 469.75502pt x 57.79036pt.

Overfull \hbox (17.62482pt too wide) in paragraph at lines 233--234
[][] 
 []

<assets/q5b.png, id=179, 796.9775pt x 349.305pt>
File: assets/q5b.png Graphic file (type png)
<use assets/q5b.png>
Package pdftex.def Info: assets/q5b.png  used on input line 245.
(pdftex.def)             Requested size: 469.75502pt x 205.88562pt.

Overfull \hbox (17.62482pt too wide) in paragraph at lines 245--246
[][] 
 []

[7 <./assets/q5a.png> <./assets/q5b.png>]
<assets/q5c.png, id=198, 883.3pt x 279.0425pt>
File: assets/q5c.png Graphic file (type png)
<use assets/q5c.png>
Package pdftex.def Info: assets/q5c.png  used on input line 258.
(pdftex.def)             Requested size: 469.75502pt x 148.3985pt.

Overfull \hbox (17.62482pt too wide) in paragraph at lines 258--259
[][] 
 []

<assets/q5d.png, id=199, 743.77875pt x 140.525pt>
File: assets/q5d.png Graphic file (type png)
<use assets/q5d.png>
Package pdftex.def Info: assets/q5d.png  used on input line 269.
(pdftex.def)             Requested size: 469.75502pt x 88.75421pt.

Overfull \hbox (17.62482pt too wide) in paragraph at lines 269--270
[][] 
 []

<assets/q5e.png, id=200, 874.26625pt x 208.78pt>
File: assets/q5e.png Graphic file (type png)
<use assets/q5e.png>
Package pdftex.def Info: assets/q5e.png  used on input line 286.
(pdftex.def)             Requested size: 469.75502pt x 112.182pt.

Overfull \hbox (17.62482pt too wide) in paragraph at lines 286--287
[][] 
 []

[8 <./assets/q5c.png> <./assets/q5d.png>] [9 <./assets/q5e.png>] [10]
<assets/q7.png, id=296, 706.64pt x 208.78pt>
File: assets/q7.png Graphic file (type png)
<use assets/q7.png>
Package pdftex.def Info: assets/q7.png  used on input line 372.
(pdftex.def)             Requested size: 469.75502pt x 138.79233pt.
 [11 <./assets/q7.png>]
<assets/q8a.png, id=326, 980.66376pt x 211.79124pt>
File: assets/q8a.png Graphic file (type png)
<use assets/q8a.png>
Package pdftex.def Info: assets/q8a.png  used on input line 412.
(pdftex.def)             Requested size: 469.75502pt x 101.45181pt.
 [12 <./assets/q8a.png>]
<assets/q8b.png, id=363, 1020.81375pt x 211.79124pt>
File: assets/q8b.png Graphic file (type png)
<use assets/q8b.png>
Package pdftex.def Info: assets/q8b.png  used on input line 438.
(pdftex.def)             Requested size: 469.75502pt x 97.46393pt.
<assets/q8c.png, id=364, 1123.19624pt x 208.78pt>
File: assets/q8c.png Graphic file (type png)
<use assets/q8c.png>
Package pdftex.def Info: assets/q8c.png  used on input line 458.
(pdftex.def)             Requested size: 469.75502pt x 87.31744pt.
 [13 <./assets/q8b.png> <./assets/q8c.png>] [14] [15] [16] [17]
<assets/q10a.png, id=571, 1243.64626pt x 395.4775pt>
File: assets/q10a.png Graphic file (type png)
<use assets/q10a.png>
Package pdftex.def Info: assets/q10a.png  used on input line 653.
(pdftex.def)             Requested size: 469.75502pt x 149.37784pt.
 [18 <./assets/q10a.png>] (./hw2.aux)
 ***********
LaTeX2e <2023-11-01> patch level 1
L3 programming layer <2024-02-20>
 ***********
Package rerunfilecheck Info: File `hw2.out' has not changed.
(rerunfilecheck)             Checksum: 786FFBF57A1197B8B0959E9B46CB9052;180.
 ) 
Here is how much of TeX's memory you used:
 14196 strings out of 474116
 221431 string characters out of 5743683
 2149187 words of memory out of 5000000
 35908 multiletter control sequences out of 15000+600000
 565839 words of font info for 64 fonts, out of 8000000 for 9000
 1141 hyphenation exceptions out of 8191
 99i,12n,107p,374b,1952s stack positions out of 10000i,1000n,20000p,200000b,200000s
</usr/local/texlive/2024/texmf-dist/fonts/type1/public/amsfonts/cm/cmbx12.pfb></usr/local/texlive/2024/texmf-dist/fonts/type1/public/amsfonts/cm/cmmi10.pfb></usr/local/texlive/2024/texmf-dist/fonts/type1/public/amsfonts/cm/cmmi12.pfb></usr/local/texlive/2024/texmf-dist/fonts/type1/public/amsfonts/cm/cmr12.pfb></usr/local/texlive/2024/texmf-dist/fonts/type1/public/amsfonts/cm/cmr17.pfb></usr/local/texlive/2024/texmf-dist/fonts/type1/public/amsfonts/cm/cmsy10.pfb></usr/local/texlive/2024/texmf-dist/fonts/type1/public/amsfonts/cm/cmtt10.pfb></usr/local/texlive/2024/texmf-dist/fonts/type1/public/amsfonts/cm/cmtt12.pfb>
Output written on hw2.pdf (19 pages, 1805947 bytes).
PDF statistics:
 737 PDF objects out of 1000 (max. 8388607)
 649 compressed objects within 7 object streams
 474 named destinations out of 1000 (max. 500000)
 127 words of extra memory for PDF output out of 10000 (max. 10000000)

